[2017-12-12 11:52:38 *32078.0]	NOTICE	swFactoryProcess_end (ERROR 1003): The connection[1] is closing.
[2017-12-12 11:52:39 *32079.1]	NOTICE	swFactoryProcess_end (ERROR 1003): The connection[2] is closing.
[2017-12-12 11:54:59 *32078.0]	NOTICE	swFactoryProcess_end (ERROR 1003): The connection[3] is closing.
[2017-12-12 12:04:41 *32078.0]	NOTICE	swFactoryProcess_end (ERROR 1003): The connection[4] is closing.
[2017-12-12 12:06:41 *32078.0]	NOTICE	swFactoryProcess_end (ERROR 1003): The connection[6] is closing.
[2017-12-12 12:07:34 *32078.0]	NOTICE	swFactoryProcess_end (ERROR 1003): The connection[7] is closing.
[2017-12-12 12:07:35 *32079.1]	NOTICE	swFactoryProcess_end (ERROR 1003): The connection[5] is closing.
[2017-12-12 21:05:30 *32078.0]	NOTICE	swFactoryProcess_end (ERROR 1003): The connection[8] is closing.
[2017-12-13 01:01:25 *32078.0]	NOTICE	swFactoryProcess_end (ERROR 1003): The connection[9] is closing.
[2017-12-13 08:45:40 #32074.2]	NOTICE	Server is shutdown now.
[2017-12-13 11:14:59 *11621.3]	WARNING	swSignalfd_onSignal: signal[1] callback is null.
[2017-12-13 11:14:59 *11620.2]	WARNING	swSignalfd_onSignal: signal[1] callback is null.
[2017-12-13 11:14:59 *11618.0]	WARNING	swSignalfd_onSignal: signal[1] callback is null.
[2017-12-13 11:14:59 $11615.0]	WARNING	swSignal_callback: signal[1] callback is null.
[2017-12-13 11:14:59 #11614.2]	WARNING	swSignalfd_onSignal: signal[1] callback is null.
[2017-12-13 11:14:59 *11619.1]	WARNING	swSignalfd_onSignal: signal[1] callback is null.
[2017-12-13 15:32:44 *11618.0]	NOTICE	swFactoryProcess_end (ERROR 1003): The connection[1] is closing.
[2017-12-13 15:32:44 *11618.0]	NOTICE	swFactoryProcess_end (ERROR 1003): The connection[2] is closing.
[2017-12-13 15:32:44 *11618.0]	NOTICE	swFactoryProcess_end (ERROR 1003): The connection[3] is closing.
[2017-12-13 15:32:44 *11618.0]	NOTICE	swFactoryProcess_end (ERROR 1003): The connection[4] is closing.
[2017-12-13 15:32:44 *11618.0]	NOTICE	swFactoryProcess_end (ERROR 1003): The connection[5] is closing.
[2017-12-13 15:32:44 *11618.0]	NOTICE	swFactoryProcess_end (ERROR 1003): The connection[6] is closing.
[2017-12-13 15:32:44 *11618.0]	NOTICE	swFactoryProcess_end (ERROR 1003): The connection[7] is closing.
[2017-12-13 15:32:44 *11618.0]	NOTICE	swFactoryProcess_end (ERROR 1003): The connection[8] is closing.
[2017-12-13 15:32:45 *11618.0]	NOTICE	swFactoryProcess_end (ERROR 1003): The connection[9] is closing.
[2017-12-13 15:32:45 *11618.0]	NOTICE	swFactoryProcess_end (ERROR 1003): The connection[10] is closing.
[2017-12-13 15:32:45 *11618.0]	NOTICE	swFactoryProcess_end (ERROR 1003): The connection[11] is closing.
[2017-12-14 00:50:27 *11618.0]	NOTICE	swFactoryProcess_end (ERROR 1003): The connection[12] is closing.
[2017-12-14 15:19:07 *11618.0]	NOTICE	swFactoryProcess_end (ERROR 1003): The connection[13] is closing.
